Rate Factor = 1

C:\Users\bkeshav1\Workspaces\Odin\src\uav-mobility\venv\Scripts\python.exe C:/Users/bkeshav1/Workspaces/MAESTRO-X/src/evaluations/heuristics/ReferenceModels.py
[INFO] LinkPerformance Termination: Tearing things down - Error Type = None | Error Value = None | Traceback = None.
[DEBUG] ReferenceModels BS simulate_ops: Payload Size = 1.0 Mb | Average Comm Delay = 165.67830901920638 seconds.
[DEBUG] ReferenceModels BS simulate_ops: Payload Size = 1.0 Mb | Average Wait Delay = 354241.041409997 seconds.
[INFO] ReferenceModels BS simulate_ops: All requests served by BS | No UAV Relay | M/G/2 queuing at the data channels | Payload Length = 1.0 Mb | UAV Power Consumption = N/A kW | Average Total Service Delay (Wait + Comm) = 354406.7197190161 seconds.

[DEBUG] ReferenceModels BS simulate_ops: Payload Size = 10.0 Mb | Average Comm Delay = 1656.996010718091 seconds.
[DEBUG] ReferenceModels BS simulate_ops: Payload Size = 10.0 Mb | Average Wait Delay = 3843524.079178073 seconds.
[INFO] ReferenceModels BS simulate_ops: All requests served by BS | No UAV Relay | M/G/2 queuing at the data channels | Payload Length = 10.0 Mb | UAV Power Consumption = N/A kW | Average Total Service Delay (Wait + Comm) = 3845181.075188792 seconds.

[DEBUG] ReferenceModels BS simulate_ops: Payload Size = 100.0 Mb | Average Comm Delay = 16276.59521475574 seconds.
[DEBUG] ReferenceModels BS simulate_ops: Payload Size = 100.0 Mb | Average Wait Delay = 38834294.49118574 seconds.
[INFO] ReferenceModels BS simulate_ops: All requests served by BS | No UAV Relay | M/G/2 queuing at the data channels | Payload Length = 100.0 Mb | UAV Power Consumption = N/A kW | Average Total Service Delay (Wait + Comm) = 38850571.0864005 seconds.

Process finished with exit code 0


--

Rate Factor = 2

C:\Users\bkeshav1\Workspaces\Odin\src\uav-mobility\venv\Scripts\python.exe C:/Users/bkeshav1/Workspaces/MAESTRO-X/src/evaluations/heuristics/ReferenceModels.py
[INFO] LinkPerformance Termination: Tearing things down - Error Type = None | Error Value = None | Traceback = None.
[DEBUG] ReferenceModels BS simulate_ops: Payload Size = 1.0 Mb | Average Comm Delay = 165.67830901920638 seconds.
[DEBUG] ReferenceModels BS simulate_ops: Payload Size = 1.0 Mb | Average Wait Delay = 383700.9374724912 seconds.
[INFO] ReferenceModels BS simulate_ops: All requests served by BS | No UAV Relay | M/G/2 queuing at the data channels | Payload Length = 1.0 Mb | UAV Power Consumption = N/A kW | Average Total Service Delay (Wait + Comm) = 383866.6157815104 seconds.

[DEBUG] ReferenceModels BS simulate_ops: Payload Size = 10.0 Mb | Average Comm Delay = 1656.996010718091 seconds.
[DEBUG] ReferenceModels BS simulate_ops: Payload Size = 10.0 Mb | Average Wait Delay = 3994716.826856699 seconds.
[INFO] ReferenceModels BS simulate_ops: All requests served by BS | No UAV Relay | M/G/2 queuing at the data channels | Payload Length = 10.0 Mb | UAV Power Consumption = N/A kW | Average Total Service Delay (Wait + Comm) = 3996373.8228674163 seconds.

[DEBUG] ReferenceModels BS simulate_ops: Payload Size = 100.0 Mb | Average Comm Delay = 16276.595214755744 seconds.
[DEBUG] ReferenceModels BS simulate_ops: Payload Size = 100.0 Mb | Average Wait Delay = 39739408.74169748 seconds.
[INFO] ReferenceModels BS simulate_ops: All requests served by BS | No UAV Relay | M/G/2 queuing at the data channels | Payload Length = 100.0 Mb | UAV Power Consumption = N/A kW | Average Total Service Delay (Wait + Comm) = 39755685.336912245 seconds.

Process finished with exit code 0


--

Rate Factor = 3

C:\Users\bkeshav1\Workspaces\Odin\src\uav-mobility\venv\Scripts\python.exe C:/Users/bkeshav1/Workspaces/MAESTRO-X/src/evaluations/heuristics/ReferenceModels.py
[INFO] LinkPerformance Termination: Tearing things down - Error Type = None | Error Value = None | Traceback = None.
[DEBUG] ReferenceModels BS simulate_ops: Payload Size = 1.0 Mb | Average Comm Delay = 165.67830901920638 seconds.
[DEBUG] ReferenceModels BS simulate_ops: Payload Size = 1.0 Mb | Average Wait Delay = 393530.6393230432 seconds.
[INFO] ReferenceModels BS simulate_ops: All requests served by BS | No UAV Relay | M/G/2 queuing at the data channels | Payload Length = 1.0 Mb | UAV Power Consumption = N/A kW | Average Total Service Delay (Wait + Comm) = 393696.31763206236 seconds.

[DEBUG] ReferenceModels BS simulate_ops: Payload Size = 10.0 Mb | Average Comm Delay = 1656.996010718091 seconds.
[DEBUG] ReferenceModels BS simulate_ops: Payload Size = 10.0 Mb | Average Wait Delay = 4045302.3332732725 seconds.
[INFO] ReferenceModels BS simulate_ops: All requests served by BS | No UAV Relay | M/G/2 queuing at the data channels | Payload Length = 10.0 Mb | UAV Power Consumption = N/A kW | Average Total Service Delay (Wait + Comm) = 4046959.3292839914 seconds.

[DEBUG] ReferenceModels BS simulate_ops: Payload Size = 100.0 Mb | Average Comm Delay = 16276.595214755744 seconds.
[DEBUG] ReferenceModels BS simulate_ops: Payload Size = 100.0 Mb | Average Wait Delay = 40041050.8655216 seconds.
[INFO] ReferenceModels BS simulate_ops: All requests served by BS | No UAV Relay | M/G/2 queuing at the data channels | Payload Length = 100.0 Mb | UAV Power Consumption = N/A kW | Average Total Service Delay (Wait + Comm) = 40057327.46073636 seconds.

Process finished with exit code 0