Rate Factor = 1

C:\Users\bkeshav1\Workspaces\Odin\src\uav-mobility\venv\Scripts\python.exe C:/Users/bkeshav1/Workspaces/MAESTRO-X/src/evaluations/heuristics/ReferenceModels.py
[INFO] LinkPerformance Termination: Tearing things down - Error Type = None | Error Value = None | Traceback = None.
[DEBUG] ReferenceModels HAP simulate_ops: Payload Size = 1.0 Mb | Average Comm Delay = 1.1596492480342702 seconds.
[DEBUG] ReferenceModels HAP simulate_ops: Payload Size = 1.0 Mb | Average Wait Delay = 0.0015869457552136169 seconds.
[INFO] ReferenceModels HAP simulate_ops: All requests served by HAP | No UAV Relay | M/G/2 queuing at the data channels | Payload Length = 1.0 Mb | UAV Power Consumption = N/A kW | Average Total Service Delay (Wait + Comm) = 1.1612361937894835 seconds.

[DEBUG] ReferenceModels HAP simulate_ops: Payload Size = 10.0 Mb | Average Comm Delay = 11.59862086259507 seconds.
[DEBUG] ReferenceModels HAP simulate_ops: Payload Size = 10.0 Mb | Average Wait Delay = 0.07293475041630308 seconds.
[INFO] ReferenceModels HAP simulate_ops: All requests served by HAP | No UAV Relay | M/G/2 queuing at the data channels | Payload Length = 10.0 Mb | UAV Power Consumption = N/A kW | Average Total Service Delay (Wait + Comm) = 11.671555613011373 seconds.

[DEBUG] ReferenceModels HAP simulate_ops: Payload Size = 100.0 Mb | Average Comm Delay = 115.79578697061059 seconds.
[DEBUG] ReferenceModels HAP simulate_ops: Payload Size = 100.0 Mb | Average Wait Delay = 1.9920788538040721 seconds.
[INFO] ReferenceModels HAP simulate_ops: All requests served by HAP | No UAV Relay | M/G/2 queuing at the data channels | Payload Length = 100.0 Mb | UAV Power Consumption = N/A kW | Average Total Service Delay (Wait + Comm) = 117.78786582441467 seconds.

Process finished with exit code 0


--

Rate Factor = 2

C:\Users\bkeshav1\Workspaces\Odin\src\uav-mobility\venv\Scripts\python.exe C:/Users/bkeshav1/Workspaces/MAESTRO-X/src/evaluations/heuristics/ReferenceModels.py
[INFO] LinkPerformance Termination: Tearing things down - Error Type = None | Error Value = None | Traceback = None.
[DEBUG] ReferenceModels HAP simulate_ops: Payload Size = 1.0 Mb | Average Comm Delay = 1.1596492480342702 seconds.
[DEBUG] ReferenceModels HAP simulate_ops: Payload Size = 1.0 Mb | Average Wait Delay = 0.007377078800382631 seconds.
[INFO] ReferenceModels HAP simulate_ops: All requests served by HAP | No UAV Relay | M/G/2 queuing at the data channels | Payload Length = 1.0 Mb | UAV Power Consumption = N/A kW | Average Total Service Delay (Wait + Comm) = 1.1670263268346528 seconds.

[DEBUG] ReferenceModels HAP simulate_ops: Payload Size = 10.0 Mb | Average Comm Delay = 11.59862086259507 seconds.
[DEBUG] ReferenceModels HAP simulate_ops: Payload Size = 10.0 Mb | Average Wait Delay = 0.30230264339603624 seconds.
[INFO] ReferenceModels HAP simulate_ops: All requests served by HAP | No UAV Relay | M/G/2 queuing at the data channels | Payload Length = 10.0 Mb | UAV Power Consumption = N/A kW | Average Total Service Delay (Wait + Comm) = 11.900923505991106 seconds.

[DEBUG] ReferenceModels HAP simulate_ops: Payload Size = 100.0 Mb | Average Comm Delay = 115.79578697061059 seconds.
[DEBUG] ReferenceModels HAP simulate_ops: Payload Size = 100.0 Mb | Average Wait Delay = 8.11518281433784 seconds.
[INFO] ReferenceModels HAP simulate_ops: All requests served by HAP | No UAV Relay | M/G/2 queuing at the data channels | Payload Length = 100.0 Mb | UAV Power Consumption = N/A kW | Average Total Service Delay (Wait + Comm) = 123.91096978494842 seconds.

Process finished with exit code 0


--

Rate Factor = 3

C:\Users\bkeshav1\Workspaces\Odin\src\uav-mobility\venv\Scripts\python.exe C:/Users/bkeshav1/Workspaces/MAESTRO-X/src/evaluations/heuristics/ReferenceModels.py
[INFO] LinkPerformance Termination: Tearing things down - Error Type = None | Error Value = None | Traceback = None.
[DEBUG] ReferenceModels HAP simulate_ops: Payload Size = 1.0 Mb | Average Comm Delay = 1.1596492480342702 seconds.
[DEBUG] ReferenceModels HAP simulate_ops: Payload Size = 1.0 Mb | Average Wait Delay = 0.017911104260990556 seconds.
[INFO] ReferenceModels HAP simulate_ops: All requests served by HAP | No UAV Relay | M/G/2 queuing at the data channels | Payload Length = 1.0 Mb | UAV Power Consumption = N/A kW | Average Total Service Delay (Wait + Comm) = 1.1775603522952607 seconds.

[DEBUG] ReferenceModels HAP simulate_ops: Payload Size = 10.0 Mb | Average Comm Delay = 11.59862086259507 seconds.
[DEBUG] ReferenceModels HAP simulate_ops: Payload Size = 10.0 Mb | Average Wait Delay = 0.6975672428954962 seconds.
[INFO] ReferenceModels HAP simulate_ops: All requests served by HAP | No UAV Relay | M/G/2 queuing at the data channels | Payload Length = 10.0 Mb | UAV Power Consumption = N/A kW | Average Total Service Delay (Wait + Comm) = 12.296188105490565 seconds.

[DEBUG] ReferenceModels HAP simulate_ops: Payload Size = 100.0 Mb | Average Comm Delay = 115.79578697061059 seconds.
[DEBUG] ReferenceModels HAP simulate_ops: Payload Size = 100.0 Mb | Average Wait Delay = 20.19073520544701 seconds.
[INFO] ReferenceModels HAP simulate_ops: All requests served by HAP | No UAV Relay | M/G/2 queuing at the data channels | Payload Length = 100.0 Mb | UAV Power Consumption = N/A kW | Average Total Service Delay (Wait + Comm) = 135.98652217605758 seconds.

Process finished with exit code 0