C:\Users\kesha\Workspaces\venv\Scripts\python.exe C:\Users\kesha\Workspaces\MAESTRO-X\src\evaluations\state-of-the-art\DDQNEvaluation.py 
[DEBUG] DDQNEvaluation evaluate: Payload Size = 1.0 Mb | Average Wait Time (Channel) = 0.0 seconds.
[DEBUG] DDQNEvaluation evaluate: Payload Size = 1.0 Mb | Average Wait Time (Transceiver) = 0.0 seconds.
[DEBUG] DDQNEvaluation evaluate: Payload Size = 1.0 Mb | Average Communication Service Time = 2.3330129122651666 seconds.
[INFO] DDQNEvaluation evaluate: [1] UAV Relays | Payload Length = 1.0 Mb | UAV Power Consumption Constraint = 1.1076602731047 kW | Average Total Service Delay (Wait + Comm) = 2.3330129122651666 seconds.

[DEBUG] DDQNEvaluation evaluate: Payload Size = 10.0 Mb | Average Wait Time (Channel) = 0.0 seconds.
[DEBUG] DDQNEvaluation evaluate: Payload Size = 10.0 Mb | Average Wait Time (Transceiver) = 0.0012629913058752815 seconds.
[DEBUG] DDQNEvaluation evaluate: Payload Size = 10.0 Mb | Average Communication Service Time = 23.330129122651666 seconds.
[INFO] DDQNEvaluation evaluate: [1] UAV Relays | Payload Length = 10.0 Mb | UAV Power Consumption Constraint = 1.1076602731047 kW | Average Total Service Delay (Wait + Comm) = 23.33139211395754 seconds.

[DEBUG] DDQNEvaluation evaluate: Payload Size = 100.0 Mb | Average Wait Time (Channel) = 0.0 seconds.
[DEBUG] DDQNEvaluation evaluate: Payload Size = 100.0 Mb | Average Wait Time (Transceiver) = 0.03127509576935942 seconds.
[DEBUG] DDQNEvaluation evaluate: Payload Size = 100.0 Mb | Average Communication Service Time = 233.30129122651664 seconds.
[INFO] DDQNEvaluation evaluate: [1] UAV Relays | Payload Length = 100.0 Mb | UAV Power Consumption Constraint = 1.1076602731047 kW | Average Total Service Delay (Wait + Comm) = 233.332566322286 seconds.


Process finished with exit code 0

C:\Users\kesha\Workspaces\venv\Scripts\python.exe C:\Users\kesha\Workspaces\MAESTRO-X\src\evaluations\state-of-the-art\DDQNEvaluation.py 
[DEBUG] DDQNEvaluation evaluate: Payload Size = 1.0 Mb | Average Wait Time (Channel) = 0.0 seconds.
[DEBUG] DDQNEvaluation evaluate: Payload Size = 1.0 Mb | Average Wait Time (Transceiver) = 0.0 seconds.
[DEBUG] DDQNEvaluation evaluate: Payload Size = 1.0 Mb | Average Communication Service Time = 2.2079591091690816 seconds.
[INFO] DDQNEvaluation evaluate: [2] UAV Relays | Payload Length = 1.0 Mb | UAV Power Consumption Constraint = 1.1076602731047 kW | Average Total Service Delay (Wait + Comm) = 2.2079591091690816 seconds.

[DEBUG] DDQNEvaluation evaluate: Payload Size = 10.0 Mb | Average Wait Time (Channel) = 0.0 seconds.
[DEBUG] DDQNEvaluation evaluate: Payload Size = 10.0 Mb | Average Wait Time (Transceiver) = 0.0010338410662161187 seconds.
[DEBUG] DDQNEvaluation evaluate: Payload Size = 10.0 Mb | Average Communication Service Time = 22.07959109169082 seconds.
[INFO] DDQNEvaluation evaluate: [2] UAV Relays | Payload Length = 10.0 Mb | UAV Power Consumption Constraint = 1.1076602731047 kW | Average Total Service Delay (Wait + Comm) = 22.080624932757036 seconds.

[DEBUG] DDQNEvaluation evaluate: Payload Size = 100.0 Mb | Average Wait Time (Channel) = 0.0 seconds.
[DEBUG] DDQNEvaluation evaluate: Payload Size = 100.0 Mb | Average Wait Time (Transceiver) = 0.017929553731687677 seconds.
[DEBUG] DDQNEvaluation evaluate: Payload Size = 100.0 Mb | Average Communication Service Time = 220.79591091690818 seconds.
[INFO] DDQNEvaluation evaluate: [2] UAV Relays | Payload Length = 100.0 Mb | UAV Power Consumption Constraint = 1.1076602731047 kW | Average Total Service Delay (Wait + Comm) = 220.81384047063986 seconds.


Process finished with exit code 0

C:\Users\kesha\Workspaces\venv\Scripts\python.exe C:\Users\kesha\Workspaces\MAESTRO-X\src\evaluations\state-of-the-art\DDQNEvaluation.py 
[DEBUG] DDQNEvaluation evaluate: Payload Size = 1.0 Mb | Average Wait Time (Channel) = 0.0 seconds.
[DEBUG] DDQNEvaluation evaluate: Payload Size = 1.0 Mb | Average Wait Time (Transceiver) = 0.0 seconds.
[DEBUG] DDQNEvaluation evaluate: Payload Size = 1.0 Mb | Average Communication Service Time = 1.8474069170105747 seconds.
[INFO] DDQNEvaluation evaluate: [3] UAV Relays | Payload Length = 1.0 Mb | UAV Power Consumption Constraint = 1.1076602731047 kW | Average Total Service Delay (Wait + Comm) = 1.8474069170105747 seconds.

[DEBUG] DDQNEvaluation evaluate: Payload Size = 10.0 Mb | Average Wait Time (Channel) = 0.0 seconds.
[DEBUG] DDQNEvaluation evaluate: Payload Size = 10.0 Mb | Average Wait Time (Transceiver) = 0.0010446665367308176 seconds.
[DEBUG] DDQNEvaluation evaluate: Payload Size = 10.0 Mb | Average Communication Service Time = 18.47406917010575 seconds.
[INFO] DDQNEvaluation evaluate: [3] UAV Relays | Payload Length = 10.0 Mb | UAV Power Consumption Constraint = 1.1076602731047 kW | Average Total Service Delay (Wait + Comm) = 18.475113836642482 seconds.

[DEBUG] DDQNEvaluation evaluate: Payload Size = 100.0 Mb | Average Wait Time (Channel) = 0.0 seconds.
[DEBUG] DDQNEvaluation evaluate: Payload Size = 100.0 Mb | Average Wait Time (Transceiver) = 0.0228072014741196 seconds.
[DEBUG] DDQNEvaluation evaluate: Payload Size = 100.0 Mb | Average Communication Service Time = 184.7406917010575 seconds.
[INFO] DDQNEvaluation evaluate: [3] UAV Relays | Payload Length = 100.0 Mb | UAV Power Consumption Constraint = 1.1076602731047 kW | Average Total Service Delay (Wait + Comm) = 184.7634989025316 seconds.


Process finished with exit code 0



