C:\Users\kesha\Workspaces\venv\Scripts\python.exe C:\Users\kesha\Workspaces\MAESTRO-X\src\evaluations\state-of-the-art\CIRCLEEvaluation.py 
[DEBUG] CIRCLEEvaluation evaluate: Payload Size = 1.0 Mb | Average Comm Delay = 379.55871550991554 seconds.
[DEBUG] CIRCLEEvaluation evaluate: Payload Size = 1.0 Mb | Average Wait Delay (Channel) = 900.5434146856711 seconds.
[DEBUG] CIRCLEEvaluation evaluate: Payload Size = 1.0 Mb | Average Wait Delay (Transceiver) = 95.05559645880592 seconds.
[DEBUG] CIRCLEEvaluation evaluate: 1 UAV-relays | M/G/4 and M/G/3 | Payload Length = [1.0] Mb | P_avg = 0.35236018122269563 kW | Average Total Service Delay (Wait + Comm) = 1375.1577266543927 seconds.

[DEBUG] CIRCLEEvaluation evaluate: Payload Size = 10.0 Mb | Average Comm Delay = 326.29779187855064 seconds.
[DEBUG] CIRCLEEvaluation evaluate: Payload Size = 10.0 Mb | Average Wait Delay (Channel) = 0.0 seconds.
[DEBUG] CIRCLEEvaluation evaluate: Payload Size = 10.0 Mb | Average Wait Delay (Transceiver) = 10.030441509627137 seconds.
[DEBUG] CIRCLEEvaluation evaluate: 1 UAV-relays | M/G/4 and M/G/3 | Payload Length = [10.0] Mb | P_avg = 1.2377023030436591 kW | Average Total Service Delay (Wait + Comm) = 336.32823338817775 seconds.

[DEBUG] CIRCLEEvaluation evaluate: Payload Size = 100.0 Mb | Average Comm Delay = 319.6087592931454 seconds.
[DEBUG] CIRCLEEvaluation evaluate: Payload Size = 100.0 Mb | Average Wait Delay (Channel) = 0.0 seconds.
[DEBUG] CIRCLEEvaluation evaluate: Payload Size = 100.0 Mb | Average Wait Delay (Transceiver) = 0.0 seconds.
[DEBUG] CIRCLEEvaluation evaluate: 1 UAV-relays | M/G/4 and M/G/3 | Payload Length = [100.0] Mb | P_avg = 1.2772762586155182 kW | Average Total Service Delay (Wait + Comm) = 319.6087592931454 seconds.

Process finished with exit code 0

C:\Users\kesha\Workspaces\venv\Scripts\python.exe C:\Users\kesha\Workspaces\MAESTRO-X\src\evaluations\state-of-the-art\CIRCLEEvaluation.py 
[DEBUG] CIRCLEEvaluation evaluate: Payload Size = 1.0 Mb | Average Comm Delay = 191.8480886380565 seconds.
[DEBUG] CIRCLEEvaluation evaluate: Payload Size = 1.0 Mb | Average Wait Delay (Channel) = 58.00929116727453 seconds.
[DEBUG] CIRCLEEvaluation evaluate: Payload Size = 1.0 Mb | Average Wait Delay (Transceiver) = 18.365244789608234 seconds.
[DEBUG] CIRCLEEvaluation evaluate: 2 UAV-relay(s) | M/G/4 and M/G/3 | Payload Length = [1.0] Mb | P_avg = 0.9090883794307285 kW | Average Total Service Delay (Wait + Comm) = 268.22262459493925 seconds.

[DEBUG] CIRCLEEvaluation evaluate: Payload Size = 10.0 Mb | Average Comm Delay = 193.6724936600062 seconds.
[DEBUG] CIRCLEEvaluation evaluate: Payload Size = 10.0 Mb | Average Wait Delay (Channel) = 0.0 seconds.
[DEBUG] CIRCLEEvaluation evaluate: Payload Size = 10.0 Mb | Average Wait Delay (Transceiver) = 0.0 seconds.
[DEBUG] CIRCLEEvaluation evaluate: 2 UAV-relay(s) | M/G/4 and M/G/3 | Payload Length = [10.0] Mb | P_avg = 1.274858141060864 kW | Average Total Service Delay (Wait + Comm) = 193.6724936600062 seconds.

[DEBUG] CIRCLEEvaluation evaluate: Payload Size = 100.0 Mb | Average Comm Delay = 211.39557260755774 seconds.
[DEBUG] CIRCLEEvaluation evaluate: Payload Size = 100.0 Mb | Average Wait Delay (Channel) = 0.0 seconds.
[DEBUG] CIRCLEEvaluation evaluate: Payload Size = 100.0 Mb | Average Wait Delay (Transceiver) = 0.0 seconds.
[DEBUG] CIRCLEEvaluation evaluate: 2 UAV-relay(s) | M/G/4 and M/G/3 | Payload Length = [100.0] Mb | P_avg = 1.2814364571119474 kW | Average Total Service Delay (Wait + Comm) = 211.39557260755774 seconds.

Process finished with exit code 0

C:\Users\kesha\Workspaces\venv\Scripts\python.exe C:\Users\kesha\Workspaces\MAESTRO-X\src\evaluations\state-of-the-art\CIRCLEEvaluation.py 
[DEBUG] CIRCLEEvaluation evaluate: Payload Size = 1.0 Mb | Average Comm Delay = 150.04382648775737 seconds.
[DEBUG] CIRCLEEvaluation evaluate: Payload Size = 1.0 Mb | Average Wait Delay (Channel) = 4.259482529405731 seconds.
[DEBUG] CIRCLEEvaluation evaluate: Payload Size = 1.0 Mb | Average Wait Delay (Transceiver) = 9.453300524328172 seconds.
[DEBUG] CIRCLEEvaluation evaluate: 3 UAV-relay(s) | M/G/4 and M/G/3 | Payload Length = [1.0] Mb | P_avg = 1.164073252764173 kW | Average Total Service Delay (Wait + Comm) = 163.7566095414913 seconds.

[DEBUG] CIRCLEEvaluation evaluate: Payload Size = 10.0 Mb | Average Comm Delay = 159.28560772166773 seconds.
[DEBUG] CIRCLEEvaluation evaluate: Payload Size = 10.0 Mb | Average Wait Delay (Channel) = 0.0 seconds.
[DEBUG] CIRCLEEvaluation evaluate: Payload Size = 10.0 Mb | Average Wait Delay (Transceiver) = 0.0 seconds.
[DEBUG] CIRCLEEvaluation evaluate: 3 UAV-relay(s) | M/G/4 and M/G/3 | Payload Length = [10.0] Mb | P_avg = 1.273234108623033 kW | Average Total Service Delay (Wait + Comm) = 159.28560772166773 seconds.

[DEBUG] CIRCLEEvaluation evaluate: Payload Size = 100.0 Mb | Average Comm Delay = 185.82344450072156 seconds.
[DEBUG] CIRCLEEvaluation evaluate: Payload Size = 100.0 Mb | Average Wait Delay (Channel) = 0.0 seconds.
[DEBUG] CIRCLEEvaluation evaluate: Payload Size = 100.0 Mb | Average Wait Delay (Transceiver) = 0.0 seconds.
[DEBUG] CIRCLEEvaluation evaluate: 3 UAV-relay(s) | M/G/4 and M/G/3 | Payload Length = [100.0] Mb | P_avg = 1.2811765976464418 kW | Average Total Service Delay (Wait + Comm) = 185.82344450072156 seconds.

Process finished with exit code 0


