# numpy.random seed
np.random.seed(10191)

"""
CONFIGURATIONS-I: Various Model Parameters
"""

"""
Deployment Model Parameters
"""
# The height of the BS from the ground ($H_{B}$) in meters
BASE_STATION_HEIGHT = 60.0

# The height of the UAV from the ground ($H_{U}$) in meters
UAV_HEIGHT = 240.0

# The number of radius levels ($r$) in the cell under analysis
NUMBER_OF_RADIUS_LEVELS = 1000

# The radius of the circular cell under evaluation ($a$) in meters
CELL_RADIUS = 1000.0

"""
Channel Model Parameters
"""
# The reference SNR level at a link distance of 1-meter
REFERENCE_SNR_AT_1_METER = 1e4

# The path-loss exponent for Line of Sight (LoS) links ($\alpha$)
LoS_PATH_LOSS_EXPONENT = 2.0

# The path-loss exponent for Non-Line of Sight (NLoS) links ($\tilde{\alpha}$)
NLoS_PATH_LOSS_EXPONENT = 2.8

# The bandwidth of each orthogonal channel assigned to this application ($B$) in Hz
CHANNEL_BANDWIDTH = 5e6

# The propagation environment specific parameter ($z_{1}$) for LoS/NLoS probability determination
PROPAGATION_ENVIRONMENT_PARAMETER_1 = 9.61

# The propagation environment specific parameter ($z_{2}$) for LoS/NLoS probability determination
PROPAGATION_ENVIRONMENT_PARAMETER_2 = 0.16

# The propagation environment dependent coefficient ($k_{1}$) for the LoS Rician link model's $K$-factor
LoS_RICIAN_FACTOR_1 = 1.0

# The propagation environment dependent coefficient ($k_{2}$) for the LoS Rician link model's $K$-factor
LoS_RICIAN_FACTOR_2 = np.log(100) / 90.0

# The additional attenuation constant for NLoS links ($\kappa$) | This factor affects the large-scale fading dynamics
NLoS_ATTENUATION_CONSTANT = 0.2

"""
Design Parameters
"""
# The convergence confidence level for optimization algorithms in this framework
CONVERGENCE_CONFIDENCE = 100

# The tolerance value for the bisection method to find the optimal value of $Z$ for rate adaptation
BISECTION_METHOD_TOLERANCE = 1e-10

"""
UAV Motion Model & Power Consumption Profile Parameters
"""
# The mean rotor-induced velocity ($v_{0}$) in m/s
MEAN_ROTOR_INDUCED_VELOCITY = 7.2

# The maximum UAV velocity ($V_{\text{max}}$) in m/s
MAX_UAV_VELOCITY = 55.0

# The rotor blade tip speed ($U_{\text{tip}}$) in m/s
ROTOR_BLADE_TIP_SPEED = 200.0

# The UAV power consumption profile constant 1 ($P_{1}$) relevant for blade profile evaluation
POWER_PROFILE_CONSTANT_1 = 580.65

# The UAV power consumption profile constant 2 ($P_{2}$) relevant for induced velocity profile evaluation
POWER_PROFILE_CONSTANT_2 = 790.6715

# The UAV power consumption profile constant 3 ($P_{3}$) which corresponds to a parasite term in the model
POWER_PROFILE_CONSTANT_3 = 0.0073

# The thrust-to-weight ratio in the rotary-wing UAV motion model ($\kappa_{\text{UAV}}{\triangleq}\frac{T}{W}$
THRUST_TO_WEIGHT_RATIO = 1.0

=======================================================================================================================================================================================================================
==============================================================================================================================================================================================================================================================================================================================================================================================================================================

NUMBER_OF_UAVs = 3
bs_coords = tf.tile(tf.expand_dims(tf.constant([0.0, 0.0], dtype=tf.float64), axis=0), multiples=[NUMBER_OF_RADIUS_LEVELS, 1])
uav_coords = tf.tile(tf.expand_dims(tf.constant([0.0, 500.0], dtype=tf.float64), axis=0), multiples=[NUMBER_OF_RADIUS_LEVELS, 1])
multiple_uav_coords = [tf.tile(tf.expand_dims(tf.constant([0.0, 500.0], dtype=tf.float64), axis=0), multiples=[NUMBER_OF_RADIUS_LEVELS, 1]),  # UAV-0
                           tf.tile(tf.expand_dims(tf.constant([-400.0, -300.0], dtype=tf.float64), axis=0), multiples=[NUMBER_OF_RADIUS_LEVELS, 1]),  # UAV-1
                           tf.tile(tf.expand_dims(tf.constant([400.0, -300.0], dtype=tf.float64), axis=0), multiples=[NUMBER_OF_RADIUS_LEVELS, 1])]  # UAV-2
ARRIVAL_RATE = {10e6: 3.3333e-3, 100e6: 5.5555e-4, 1e9: 1.3888e-4}
payload_lengths, gn_coords = [10e6, 100e6, 1e9]

C:\Users\kesha\Workspaces\venv\Scripts\python.exe C:/Users/kesha/Workspaces/Odin/src/uav-mobility/model-evaluations/PerformanceReferenceModels.py
[INFO] PerformanceReferenceModels main: Starting the performance evaluations of the reference models used in our odin-uav-mobility-v21.11 framework...
[INFO] LinkPerformanceEvaluator Initialization: Bringing things up...
[INFO] LinkPerformanceEvaluator Initialization: The parametric configuration setup for this Link Performance Evaluator instance has been completed.
[INFO] LinkPerformanceEvaluator Termination: Tearing things down - Exception Type = None | Exception Value = None | Traceback = None
[INFO] PerformanceReferenceModel simulate_operations: No UAV Relay | All requests are served by the BS | Payload Length = [10.0] Mb | UAV Power Consumption Constraint = [N/A] Watts | Average Communication Service Delay = [2930.8227854466327] seconds
[INFO] PerformanceReferenceModel simulate_operations: No UAV Relay | All requests are served by the BS | Payload Length = [100.0] Mb | UAV Power Consumption Constraint = [N/A] Watts | Average Communication Service Delay = [30431.039524722062] seconds
[INFO] PerformanceReferenceModel simulate_operations: No UAV Relay | All requests are served by the BS | Payload Length = [1000.0] Mb | UAV Power Consumption Constraint = [N/A] Watts | Average Communication Service Delay = [313695.9791326936] seconds

[INFO] LinkPerformanceEvaluator Initialization: Bringing things up...
[INFO] LinkPerformanceEvaluator Initialization: The parametric configuration setup for this Link Performance Evaluator instance has been completed.
[INFO] LinkPerformanceEvaluator Termination: Tearing things down - Exception Type = None | Exception Value = None | Traceback = None
[INFO] PerformanceReferenceModel simulate_operations: Single UAV Relay | Decode-and-Forward One UAV | Payload Length = [10.0] Mb | UAV Power Consumption Constraint = [1371.3215] Watts | Average Communication Service Delay = [3.755922754100198] seconds
[INFO] PerformanceReferenceModel simulate_operations: Single UAV Relay | Decode-and-Forward One UAV | Payload Length = [100.0] Mb | UAV Power Consumption Constraint = [1371.3215] Watts | Average Communication Service Delay = [37.95300201981852] seconds
[INFO] PerformanceReferenceModel simulate_operations: Single UAV Relay | Decode-and-Forward One UAV | Payload Length = [1000.0] Mb | UAV Power Consumption Constraint = [1371.3215] Watts | Average Communication Service Delay = [386.41086472738897] seconds

[INFO] LinkPerformanceEvaluator Initialization: Bringing things up...
[INFO] LinkPerformanceEvaluator Initialization: The parametric configuration setup for this Link Performance Evaluator instance has been completed.
[INFO] LinkPerformanceEvaluator Termination: Tearing things down - Exception Type = None | Exception Value = None | Traceback = None
[INFO] PerformanceReferenceModel simulate_operations: Multiple UAV Relays | [3] UAV Relays | Payload Length = [10.0] Mb | UAV Power Consumption Constraint = [1371.3215] Watts | Average Communication Service Delay = [2.4574359793486904] seconds
[INFO] PerformanceReferenceModel simulate_operations: Multiple UAV Relays | [3] UAV Relays | Payload Length = [100.0] Mb | UAV Power Consumption Constraint = [1371.3215] Watts | Average Communication Service Delay = [27.016783761258182] seconds
[INFO] PerformanceReferenceModel simulate_operations: Multiple UAV Relays | [3] UAV Relays | Payload Length = [1000.0] Mb | UAV Power Consumption Constraint = [1371.3215] Watts | Average Communication Service Delay = [273.7072681733668] seconds

=======================================================================================================================================================================================================================

NUMBER_OF_UAVs = 2
bs_coords = tf.tile(tf.expand_dims(tf.constant([0.0, 0.0], dtype=tf.float64), axis=0), multiples=[NUMBER_OF_RADIUS_LEVELS, 1])
uav_coords = tf.tile(tf.expand_dims(tf.constant([0.0, 500.0], dtype=tf.float64), axis=0), multiples=[NUMBER_OF_RADIUS_LEVELS, 1])
multiple_uav_coords = [tf.tile(tf.expand_dims(tf.constant([0.0, 500.0], dtype=tf.float64), axis=0), multiples=[NUMBER_OF_RADIUS_LEVELS, 1]),  # UAV-0
                           tf.tile(tf.expand_dims(tf.constant([0.0, -500.0], dtype=tf.float64), axis=0), multiples=[NUMBER_OF_RADIUS_LEVELS, 1])]  # UAV-1
ARRIVAL_RATE = {10e6: 3.3333e-3, 100e6: 5.5555e-4, 1e9: 1.3888e-4}
payload_lengths, gn_coords = [10e6, 100e6, 1e9]
						   
[INFO] PerformanceReferenceModel simulate_operations: Multiple UAV Relays | [2] UAV Relays | Payload Length = [10.0] Mb | UAV Power Consumption Constraint = [1371.3215] Watts | Average Communication Service Delay = [2.770806062104411] seconds
[INFO] PerformanceReferenceModel simulate_operations: Multiple UAV Relays | [2] UAV Relays | Payload Length = [100.0] Mb | UAV Power Consumption Constraint = [1371.3215] Watts | Average Communication Service Delay = [30.662523426779313] seconds
[INFO] PerformanceReferenceModel simulate_operations: Multiple UAV Relays | [2] UAV Relays | Payload Length = [1000.0] Mb | UAV Power Consumption Constraint = [1371.3215] Watts | Average Communication Service Delay = [309.76987167415575] seconds

=======================================================================================================================================================================================================================
==============================================================================================================================================================================================================================================================================================================================================================================================================================================

NUMBER_OF_UAVs = 3
bs_coords = tf.tile(tf.expand_dims(tf.constant([0.0, 0.0], dtype=tf.float64), axis=0), multiples=[NUMBER_OF_RADIUS_LEVELS, 1])
uav_coords = tf.tile(tf.expand_dims(tf.constant([0.0, 500.0], dtype=tf.float64), axis=0), multiples=[NUMBER_OF_RADIUS_LEVELS, 1])
multiple_uav_coords = [tf.tile(tf.expand_dims(tf.constant([0.0, 500.0], dtype=tf.float64), axis=0), multiples=[NUMBER_OF_RADIUS_LEVELS, 1]),  # UAV-0
                           tf.tile(tf.expand_dims(tf.constant([-400.0, -300.0], dtype=tf.float64), axis=0), multiples=[NUMBER_OF_RADIUS_LEVELS, 1]),  # UAV-1
                           tf.tile(tf.expand_dims(tf.constant([400.0, -300.0], dtype=tf.float64), axis=0), multiples=[NUMBER_OF_RADIUS_LEVELS, 1])]  # UAV-2
ARRIVAL_RATE = {0.1e6: 0.1, 1e6: 1.3333e-2, 5e6: 6.6666e-3}
payload_lengths, gn_coords = [0.1e6, 1e6, 5e6]

C:\Users\kesha\Workspaces\venv\Scripts\python.exe C:/Users/kesha/Workspaces/Odin/src/uav-mobility/model-evaluations/PerformanceReferenceModels.py
[INFO] PerformanceReferenceModels main: Starting the performance evaluations of the reference models used in our odin-uav-mobility-v21.11 framework...
[INFO] LinkPerformanceEvaluator Initialization: Bringing things up...
[INFO] LinkPerformanceEvaluator Initialization: The parametric configuration setup for this Link Performance Evaluator instance has been completed.
[INFO] LinkPerformanceEvaluator Termination: Tearing things down - Exception Type = None | Exception Value = None | Traceback = None
[INFO] PerformanceReferenceModel simulate_operations: No UAV Relay | All requests are served by the BS | Payload Length = [0.1] Mb | UAV Power Consumption Constraint = [N/A] Watts | Average Communication Service Delay = [25.111573024224487] seconds
[INFO] PerformanceReferenceModel simulate_operations: No UAV Relay | All requests are served by the BS | Payload Length = [1.0] Mb | UAV Power Consumption Constraint = [N/A] Watts | Average Communication Service Delay = [268.0985615566525] seconds
[INFO] PerformanceReferenceModel simulate_operations: No UAV Relay | All requests are served by the BS | Payload Length = [5.0] Mb | UAV Power Consumption Constraint = [N/A] Watts | Average Communication Service Delay = [1477.4889813676207] seconds

[INFO] LinkPerformanceEvaluator Initialization: Bringing things up...
[INFO] LinkPerformanceEvaluator Initialization: The parametric configuration setup for this Link Performance Evaluator instance has been completed.
[INFO] LinkPerformanceEvaluator Termination: Tearing things down - Exception Type = None | Exception Value = None | Traceback = None
[INFO] PerformanceReferenceModel simulate_operations: Single UAV Relay | Decode-and-Forward One UAV | Payload Length = [0.1] Mb | UAV Power Consumption Constraint = [1371.3215] Watts | Average Communication Service Delay = [0.037480029314940454] seconds
[INFO] PerformanceReferenceModel simulate_operations: Single UAV Relay | Decode-and-Forward One UAV | Payload Length = [1.0] Mb | UAV Power Consumption Constraint = [1371.3215] Watts | Average Communication Service Delay = [0.3753168714915389] seconds
[INFO] PerformanceReferenceModel simulate_operations: Single UAV Relay | Decode-and-Forward One UAV | Payload Length = [5.0] Mb | UAV Power Consumption Constraint = [1371.3215] Watts | Average Communication Service Delay = [1.8914783040174306] seconds

[INFO] LinkPerformanceEvaluator Initialization: Bringing things up...
[INFO] LinkPerformanceEvaluator Initialization: The parametric configuration setup for this Link Performance Evaluator instance has been completed.
[INFO] LinkPerformanceEvaluator Termination: Tearing things down - Exception Type = None | Exception Value = None | Traceback = None
[INFO] PerformanceReferenceModel simulate_operations: Multiple UAV Relays | [3] UAV Relays | Payload Length = [0.1] Mb | UAV Power Consumption Constraint = [1371.3215] Watts | Average Communication Service Delay = [0.02455653952759954] seconds
[INFO] PerformanceReferenceModel simulate_operations: Multiple UAV Relays | [3] UAV Relays | Payload Length = [1.0] Mb | UAV Power Consumption Constraint = [1371.3215] Watts | Average Communication Service Delay = [0.26991404574623373] seconds
[INFO] PerformanceReferenceModel simulate_operations: Multiple UAV Relays | [3] UAV Relays | Payload Length = [5.0] Mb | UAV Power Consumption Constraint = [1371.3215] Watts | Average Communication Service Delay = [1.4971429304349673] seconds

=======================================================================================================================================================================================================================

NUMBER_OF_UAVs = 2
bs_coords = tf.tile(tf.expand_dims(tf.constant([0.0, 0.0], dtype=tf.float64), axis=0), multiples=[NUMBER_OF_RADIUS_LEVELS, 1])
uav_coords = tf.tile(tf.expand_dims(tf.constant([0.0, 500.0], dtype=tf.float64), axis=0), multiples=[NUMBER_OF_RADIUS_LEVELS, 1])
multiple_uav_coords = [tf.tile(tf.expand_dims(tf.constant([0.0, 500.0], dtype=tf.float64), axis=0), multiples=[NUMBER_OF_RADIUS_LEVELS, 1]),  # UAV-0
                           tf.tile(tf.expand_dims(tf.constant([0.0, -500.0], dtype=tf.float64), axis=0), multiples=[NUMBER_OF_RADIUS_LEVELS, 1])]  # UAV-1
ARRIVAL_RATE = {0.1e6: 0.1, 1e6: 1.3333e-2, 5e6: 6.6666e-3}
payload_lengths, gn_coords = [0.1e6, 1e6, 5e6]

[INFO] PerformanceReferenceModel simulate_operations: Multiple UAV Relays | [2] UAV Relays | Payload Length = [0.1] Mb | UAV Power Consumption Constraint = [1371.3215] Watts | Average Communication Service Delay = [0.02770050168058634] seconds
[INFO] PerformanceReferenceModel simulate_operations: Multiple UAV Relays | [2] UAV Relays | Payload Length = [1.0] Mb | UAV Power Consumption Constraint = [1371.3215] Watts | Average Communication Service Delay = [0.30543870324019007] seconds
[INFO] PerformanceReferenceModel simulate_operations: Multiple UAV Relays | [2] UAV Relays | Payload Length = [5.0] Mb | UAV Power Consumption Constraint = [1371.3215] Watts | Average Communication Service Delay = [1.6921701632147204] seconds

=======================================================================================================================================================================================================================
==============================================================================================================================================================================================================================================================================================================================================================================================================================================
=======================================================================================================================================================================================================================
==============================================================================================================================================================================================================================================================================================================================================================================================================================================
=======================================================================================================================================================================================================================
==============================================================================================================================================================================================================================================================================================================================================================================================================================================

10,000 Nodes
(odin-cpu-playground) bkeshav1@en4192805ul:~/workspace/repos/Odin/src/uav-mobility/model-evaluations$ python PerformanceReferenceModels.py
[INFO] PerformanceReferenceModels main: Starting the performance evaluations of the reference models used in our odin-uav-mobility-v21.11 framework...
[INFO] LinkPerformanceEvaluator Initialization: Bringing things up...
[INFO] LinkPerformanceEvaluator Initialization: The parametric configuration setup for this Link Performance Evaluator instance has been completed.
[INFO] LinkPerformanceEvaluator Termination: Tearing things down - Exception Type = None | Exception Value = None | Traceback = None
[INFO] PerformanceReferenceModel simulate_operations: No UAV Relay | All requests are served by the BS | Payload Length = [10.0] Mb | UAV Power Consumption Constraint = [N/A] Watts | Average Communication Service Delay = [2898.6651584645588] seconds
[INFO] PerformanceReferenceModel simulate_operations: No UAV Relay | All requests are served by the BS | Payload Length = [100.0] Mb | UAV Power Consumption Constraint = [N/A] Watts | Average Communication Service Delay = [29959.412852007747] seconds
[INFO] PerformanceReferenceModel simulate_operations: No UAV Relay | All requests are served by the BS | Payload Length = [1000.0] Mb | UAV Power Consumption Constraint = [N/A] Watts | Average Communication Service Delay = [308692.89529046084] seconds

[INFO] LinkPerformanceEvaluator Initialization: Bringing things up...
[INFO] LinkPerformanceEvaluator Initialization: The parametric configuration setup for this Link Performance Evaluator instance has been completed.
[INFO] LinkPerformanceEvaluator Termination: Tearing things down - Exception Type = None | Exception Value = None | Traceback = None
[INFO] PerformanceReferenceModel simulate_operations: Single UAV Relay | Decode-and-Forward One UAV | Payload Length = [10.0] Mb | UAV Power Consumption Constraint = [1371.3215] Watts | Average Communication Service Delay = [3.8626257919466895] seconds
[INFO] PerformanceReferenceModel simulate_operations: Single UAV Relay | Decode-and-Forward One UAV | Payload Length = [100.0] Mb | UAV Power Consumption Constraint = [1371.3215] Watts | Average Communication Service Delay = [38.79252154874031] seconds
[INFO] PerformanceReferenceModel simulate_operations: Single UAV Relay | Decode-and-Forward One UAV | Payload Length = [1000.0] Mb | UAV Power Consumption Constraint = [1371.3215] Watts | Average Communication Service Delay = [394.6306258554324] seconds

[INFO] LinkPerformanceEvaluator Initialization: Bringing things up...
[INFO] LinkPerformanceEvaluator Initialization: The parametric configuration setup for this Link Performance Evaluator instance has been completed.
[INFO] LinkPerformanceEvaluator Termination: Tearing things down - Exception Type = None | Exception Value = None | Traceback = None
[INFO] PerformanceReferenceModel simulate_operations: Multiple UAV Relays | [3] UAV Relays | Payload Length = [10.0] Mb | UAV Power Consumption Constraint = [1371.3215] Watts | Average Communication Service Delay = [2.432421855588144] seconds
[INFO] PerformanceReferenceModel simulate_operations: Multiple UAV Relays | [3] UAV Relays | Payload Length = [100.0] Mb | UAV Power Consumption Constraint = [1371.3215] Watts | Average Communication Service Delay = [26.78615994621454] seconds
[INFO] PerformanceReferenceModel simulate_operations: Multiple UAV Relays | [3] UAV Relays | Payload Length = [1000.0] Mb | UAV Power Consumption Constraint = [1371.3215] Watts | Average Communication Service Delay = [271.03829278409825] seconds

(odin-cpu-playground) bkeshav1@en4192805ul:~/workspace/repos/Odin/src/uav-mobility/model-evaluations$ python PerformanceReferenceModels.py
[INFO] PerformanceReferenceModels main: Starting the performance evaluations of the reference models used in our odin-uav-mobility-v21.11 framework...
[INFO] LinkPerformanceEvaluator Initialization: Bringing things up...
[INFO] LinkPerformanceEvaluator Initialization: The parametric configuration setup for this Link Performance Evaluator instance has been completed.
[INFO] LinkPerformanceEvaluator Termination: Tearing things down - Exception Type = None | Exception Value = None | Traceback = None
[INFO] PerformanceReferenceModel simulate_operations: No UAV Relay | All requests are served by the BS | Payload Length = [0.1] Mb | UAV Power Consumption Constraint = [N/A] Watts | Average Communication Service Delay = [25.05678782275698] seconds
[INFO] PerformanceReferenceModel simulate_operations: No UAV Relay | All requests are served by the BS | Payload Length = [1.0] Mb | UAV Power Consumption Constraint = [N/A] Watts | Average Communication Service Delay = [262.33594570509814] seconds
[INFO] PerformanceReferenceModel simulate_operations: No UAV Relay | All requests are served by the BS | Payload Length = [5.0] Mb | UAV Power Consumption Constraint = [N/A] Watts | Average Communication Service Delay = [1448.6469404471404] seconds

[INFO] LinkPerformanceEvaluator Initialization: Bringing things up...
[INFO] LinkPerformanceEvaluator Initialization: The parametric configuration setup for this Link Performance Evaluator instance has been completed.
[INFO] LinkPerformanceEvaluator Termination: Tearing things down - Exception Type = None | Exception Value = None | Traceback = None
[INFO] PerformanceReferenceModel simulate_operations: Single UAV Relay | Decode-and-Forward One UAV | Payload Length = [0.1] Mb | UAV Power Consumption Constraint = [1371.3215] Watts | Average Communication Service Delay = [0.038408796063968666] seconds
[INFO] PerformanceReferenceModel simulate_operations: Single UAV Relay | Decode-and-Forward One UAV | Payload Length = [1.0] Mb | UAV Power Consumption Constraint = [1371.3215] Watts | Average Communication Service Delay = [0.38432334991900746] seconds
[INFO] PerformanceReferenceModel simulate_operations: Single UAV Relay | Decode-and-Forward One UAV | Payload Length = [5.0] Mb | UAV Power Consumption Constraint = [1371.3215] Watts | Average Communication Service Delay = [1.9303354943947038] seconds

[INFO] LinkPerformanceEvaluator Initialization: Bringing things up...
[INFO] LinkPerformanceEvaluator Initialization: The parametric configuration setup for this Link Performance Evaluator instance has been completed.
[INFO] LinkPerformanceEvaluator Termination: Tearing things down - Exception Type = None | Exception Value = None | Traceback = None
[INFO] PerformanceReferenceModel simulate_operations: Multiple UAV Relays | [3] UAV Relays | Payload Length = [0.1] Mb | UAV Power Consumption Constraint = [1371.3215] Watts | Average Communication Service Delay = [0.024297496527052403] seconds
[INFO] PerformanceReferenceModel simulate_operations: Multiple UAV Relays | [3] UAV Relays | Payload Length = [1.0] Mb | UAV Power Consumption Constraint = [1371.3215] Watts | Average Communication Service Delay = [0.26735132022030617] seconds
[INFO] PerformanceReferenceModel simulate_operations: Multiple UAV Relays | [3] UAV Relays | Payload Length = [5.0] Mb | UAV Power Consumption Constraint = [1371.3215] Watts | Average Communication Service Delay = [1.483486280580314] seconds
(odin-cpu-playground) bkeshav1@en4192805ul:~/workspace/repos/Odin/src/uav-mobility/model-evaluations$
