Rate Factor = Number of UAVs = 1

C:\Users\kesha\Workspaces\venv\Scripts\python.exe C:\Users\kesha\Workspaces\MAESTRO-X\src\evaluations\state-of-the-art\CIRCLEEvaluation.py 
[DEBUG] CIRCLEEvaluation evaluate: Payload Size = 1.0 Mb | Average Comm Delay = 211.81011880808393 seconds.
[DEBUG] CIRCLEEvaluation evaluate: Payload Size = 1.0 Mb | Average Wait Delay = 634.1440941621173 seconds.
[DEBUG] CIRCLEEvaluation evaluate: 1 UAV-relays | M/G/4 queuing at the data channels | Payload Size = 1.0 Mb | UAV Power Consumption = 0.3097592438500844 kW | Average Total Service Delay (Wait + Comm) = 845.9542129702014 seconds.

[DEBUG] CIRCLEEvaluation evaluate: Payload Size = 10.0 Mb | Average Comm Delay = 226.22050882347682 seconds.
[DEBUG] CIRCLEEvaluation evaluate: Payload Size = 10.0 Mb | Average Wait Delay = 581.7410455211924 seconds.
[DEBUG] CIRCLEEvaluation evaluate: 1 UAV-relays | M/G/4 queuing at the data channels | Payload Size = 10.0 Mb | UAV Power Consumption = 0.3525620393962874 kW | Average Total Service Delay (Wait + Comm) = 807.9615543446693 seconds.

[DEBUG] CIRCLEEvaluation evaluate: Payload Size = 100.0 Mb | Average Comm Delay = 242.85799321890616 seconds.
[DEBUG] CIRCLEEvaluation evaluate: Payload Size = 100.0 Mb | Average Wait Delay = 306.77684789365685 seconds.
[DEBUG] CIRCLEEvaluation evaluate: 1 UAV-relays | M/G/4 queuing at the data channels | Payload Size = 100.0 Mb | UAV Power Consumption = 0.5636177708818222 kW | Average Total Service Delay (Wait + Comm) = 549.634841112563 seconds.

Process finished with exit code 0


--

Rate Factor = Number of UAVs = 2

C:\Users\kesha\Workspaces\venv\Scripts\python.exe C:\Users\kesha\Workspaces\MAESTRO-X\src\evaluations\state-of-the-art\CIRCLEEvaluation.py 
[DEBUG] CIRCLEEvaluation evaluate: Payload Size = 1.0 Mb | Average Comm Delay = 92.68260675481605 seconds.
[DEBUG] CIRCLEEvaluation evaluate: Payload Size = 1.0 Mb | Average Wait Delay = 257.0106741428561 seconds.
[DEBUG] CIRCLEEvaluation evaluate: 2 UAV-relays | M/G/4 queuing at the data channels | Payload Size = 1.0 Mb | UAV Power Consumption = 0.323669244566766 kW | Average Total Service Delay (Wait + Comm) = 349.6932808976721 seconds.

[DEBUG] CIRCLEEvaluation evaluate: Payload Size = 10.0 Mb | Average Comm Delay = 105.94838468837725 seconds.
[DEBUG] CIRCLEEvaluation evaluate: Payload Size = 10.0 Mb | Average Wait Delay = 291.4000354152632 seconds.
[DEBUG] CIRCLEEvaluation evaluate: 2 UAV-relays | M/G/4 queuing at the data channels | Payload Size = 10.0 Mb | UAV Power Consumption = 0.32728823639045856 kW | Average Total Service Delay (Wait + Comm) = 397.3484201036404 seconds.

[DEBUG] CIRCLEEvaluation evaluate: Payload Size = 100.0 Mb | Average Comm Delay = 140.39206163227885 seconds.
[DEBUG] CIRCLEEvaluation evaluate: Payload Size = 100.0 Mb | Average Wait Delay = 214.06941534481632 seconds.
[DEBUG] CIRCLEEvaluation evaluate: 2 UAV-relays | M/G/4 queuing at the data channels | Payload Size = 100.0 Mb | UAV Power Consumption = 0.5105405403874809 kW | Average Total Service Delay (Wait + Comm) = 354.4614769770951 seconds.

Process finished with exit code 0


--

Rate Factor = Number of UAVs = 3

C:\Users\kesha\Workspaces\venv\Scripts\python.exe C:\Users\kesha\Workspaces\MAESTRO-X\src\evaluations\state-of-the-art\CIRCLEEvaluation.py 
[DEBUG] CIRCLEEvaluation evaluate: Payload Size = 1.0 Mb | Average Comm Delay = 69.97400573156622 seconds.
[DEBUG] CIRCLEEvaluation evaluate: Payload Size = 1.0 Mb | Average Wait Delay = 222.81193722727807 seconds.
[DEBUG] CIRCLEEvaluation evaluate: 3 UAV-relays | M/G/4 queuing at the data channels | Payload Size = 1.0 Mb | UAV Power Consumption = 0.2894315504801877 kW | Average Total Service Delay (Wait + Comm) = 292.7859429588443 seconds.

[DEBUG] CIRCLEEvaluation evaluate: Payload Size = 10.0 Mb | Average Comm Delay = 87.10053656092441 seconds.
[DEBUG] CIRCLEEvaluation evaluate: Payload Size = 10.0 Mb | Average Wait Delay = 247.1571155198358 seconds.
[DEBUG] CIRCLEEvaluation evaluate: 3 UAV-relays | M/G/4 queuing at the data channels | Payload Size = 10.0 Mb | UAV Power Consumption = 0.3265472555880297 kW | Average Total Service Delay (Wait + Comm) = 334.25765208076024 seconds.

[DEBUG] CIRCLEEvaluation evaluate: Payload Size = 100.0 Mb | Average Comm Delay = 151.28278858373943 seconds.
[DEBUG] CIRCLEEvaluation evaluate: Payload Size = 100.0 Mb | Average Wait Delay = 369.26648273020123 seconds.
[DEBUG] CIRCLEEvaluation evaluate: 3 UAV-relays | M/G/4 queuing at the data channels | Payload Size = 100.0 Mb | UAV Power Consumption = 0.36753758400703973 kW | Average Total Service Delay (Wait + Comm) = 520.5492713139407 seconds.

Process finished with exit code 0