Rate Factor = Number of UAVs = 1

C:\Users\kesha\Workspaces\venv\Scripts\python.exe C:\Users\kesha\Workspaces\MAESTRO-X\src\evaluations\state-of-the-art\CIRCLEEvaluation.py 
[DEBUG] CIRCLEEvaluation evaluate: Payload Size = 1.0 Mb | Average Comm Delay = 221.2714020883761 seconds.
[DEBUG] CIRCLEEvaluation evaluate: Payload Size = 1.0 Mb | Average Wait Delay = 1253.966505474306 seconds.
[DEBUG] CIRCLEEvaluation evaluate: 1 UAV-relays | M/G/2 queuing at the data channels | Payload Size = 1.0 Mb | UAV Power Consumption = 0.18856505812233498 kW | Average Total Service Delay (Wait + Comm) = 1475.237907562682 seconds.

[DEBUG] CIRCLEEvaluation evaluate: Payload Size = 10.0 Mb | Average Comm Delay = 286.7964666211226 seconds.
[DEBUG] CIRCLEEvaluation evaluate: Payload Size = 10.0 Mb | Average Wait Delay = 688.9007560527745 seconds.
[DEBUG] CIRCLEEvaluation evaluate: 1 UAV-relays | M/G/2 queuing at the data channels | Payload Size = 10.0 Mb | UAV Power Consumption = 0.37217662403740626 kW | Average Total Service Delay (Wait + Comm) = 975.6972226738969 seconds.

[DEBUG] CIRCLEEvaluation evaluate: Payload Size = 100.0 Mb | Average Comm Delay = 239.690030859566 seconds.
[DEBUG] CIRCLEEvaluation evaluate: Payload Size = 100.0 Mb | Average Wait Delay = 9.585420983831833 seconds.
[DEBUG] CIRCLEEvaluation evaluate: 1 UAV-relays | M/G/2 queuing at the data channels | Payload Size = 100.0 Mb | UAV Power Consumption = 1.2276811664420557 kW | Average Total Service Delay (Wait + Comm) = 249.2754518433978 seconds.

Process finished with exit code 0


--

Rate Factor = Number of UAVs = 2

C:\Users\kesha\Workspaces\venv\Scripts\python.exe C:\Users\kesha\Workspaces\MAESTRO-X\src\evaluations\state-of-the-art\CIRCLEEvaluation.py 
[DEBUG] CIRCLEEvaluation evaluate: Payload Size = 1.0 Mb | Average Comm Delay = 117.65311052182876 seconds.
[DEBUG] CIRCLEEvaluation evaluate: Payload Size = 1.0 Mb | Average Wait Delay = 621.7709687211985 seconds.
[DEBUG] CIRCLEEvaluation evaluate: 2 UAV-relays | M/G/2 queuing at the data channels | Payload Size = 1.0 Mb | UAV Power Consumption = 0.1969099669997401 kW | Average Total Service Delay (Wait + Comm) = 739.4240792430271 seconds.

[DEBUG] CIRCLEEvaluation evaluate: Payload Size = 10.0 Mb | Average Comm Delay = 114.54119786664177 seconds.
[DEBUG] CIRCLEEvaluation evaluate: Payload Size = 10.0 Mb | Average Wait Delay = 488.88280544149075 seconds.
[DEBUG] CIRCLEEvaluation evaluate: 2 UAV-relays | M/G/2 queuing at the data channels | Payload Size = 10.0 Mb | UAV Power Consumption = 0.23535997927311866 kW | Average Total Service Delay (Wait + Comm) = 603.4240033081326 seconds.

[DEBUG] CIRCLEEvaluation evaluate: Payload Size = 100.0 Mb | Average Comm Delay = 170.2255052400927 seconds.
[DEBUG] CIRCLEEvaluation evaluate: Payload Size = 100.0 Mb | Average Wait Delay = 34.757280740250025 seconds.
[DEBUG] CIRCLEEvaluation evaluate: 2 UAV-relays | M/G/2 queuing at the data channels | Payload Size = 100.0 Mb | UAV Power Consumption = 1.0617926289294226 kW | Average Total Service Delay (Wait + Comm) = 204.98278598034273 seconds.

Process finished with exit code 0


--

Rate Factor = Number of UAVs = 3

C:\Users\kesha\Workspaces\venv\Scripts\python.exe C:\Users\kesha\Workspaces\MAESTRO-X\src\evaluations\state-of-the-art\CIRCLEEvaluation.py 
[DEBUG] CIRCLEEvaluation evaluate: Payload Size = 1.0 Mb | Average Comm Delay = 89.86140028801586 seconds.
[DEBUG] CIRCLEEvaluation evaluate: Payload Size = 1.0 Mb | Average Wait Delay = 548.9171776373511 seconds.
[DEBUG] CIRCLEEvaluation evaluate: 3 UAV-relays | M/G/2 queuing at the data channels | Payload Size = 1.0 Mb | UAV Power Consumption = 0.1724289584691228 kW | Average Total Service Delay (Wait + Comm) = 638.7785779253669 seconds.

[DEBUG] CIRCLEEvaluation evaluate: Payload Size = 10.0 Mb | Average Comm Delay = 77.77911862608941 seconds.
[DEBUG] CIRCLEEvaluation evaluate: Payload Size = 10.0 Mb | Average Wait Delay = 202.45641640341955 seconds.
[DEBUG] CIRCLEEvaluation evaluate: 3 UAV-relays | M/G/2 queuing at the data channels | Payload Size = 10.0 Mb | UAV Power Consumption = 0.3425560623228741 kW | Average Total Service Delay (Wait + Comm) = 280.235535029509 seconds.

[DEBUG] CIRCLEEvaluation evaluate: Payload Size = 100.0 Mb | Average Comm Delay = 124.2673908298671 seconds.
[DEBUG] CIRCLEEvaluation evaluate: Payload Size = 100.0 Mb | Average Wait Delay = 92.24095399945608 seconds.
[DEBUG] CIRCLEEvaluation evaluate: 3 UAV-relays | M/G/2 queuing at the data channels | Payload Size = 100.0 Mb | UAV Power Consumption = 0.7343744713843435 kW | Average Total Service Delay (Wait + Comm) = 216.5083448293232 seconds.

Process finished with exit code 0