Rate Factor = Number of UAVs = 1

C:\Users\kesha\Workspaces\venv\Scripts\python.exe C:\Users\kesha\Workspaces\MAESTRO-X\src\evaluations\state-of-the-art\DDQNEvaluation.py 
[DEBUG] DDQNEvaluation evaluate: Payload Size = 1.0 Mb | Average Wait Time = 541.6402708044068 seconds.
[DEBUG] DDQNEvaluation evaluate: Payload Size = 1.0 Mb | Average Communication Service Time = 1.1263025326935607 seconds.
[INFO] DDQNEvaluation evaluate: [1] UAV Relays | Payload Size = 1.0 Mb | UAV Power Consumption = 1.1076602731047 kW | Average Total Service Delay (Wait + Comm) = 542.7665733371003 seconds.

[DEBUG] DDQNEvaluation evaluate: Payload Size = 10.0 Mb | Average Wait Time = 20139.381802930373 seconds.
[DEBUG] DDQNEvaluation evaluate: Payload Size = 10.0 Mb | Average Communication Service Time = 11.26302532693561 seconds.
[INFO] DDQNEvaluation evaluate: [1] UAV Relays | Payload Size = 10.0 Mb | UAV Power Consumption = 1.1076602731047 kW | Average Total Service Delay (Wait + Comm) = 20150.644828257307 seconds.

[DEBUG] DDQNEvaluation evaluate: Payload Size = 100.0 Mb | Average Wait Time = 263226.63296482794 seconds.
[DEBUG] DDQNEvaluation evaluate: Payload Size = 100.0 Mb | Average Communication Service Time = 112.63025326935607 seconds.
[INFO] DDQNEvaluation evaluate: [1] UAV Relays | Payload Size = 100.0 Mb | UAV Power Consumption = 1.1076602731047 kW | Average Total Service Delay (Wait + Comm) = 263339.2632180973 seconds.

Process finished with exit code 0


--

Rate Factor = Number of UAVs = 2

C:\Users\kesha\Workspaces\venv\Scripts\python.exe C:\Users\kesha\Workspaces\MAESTRO-X\src\evaluations\state-of-the-art\DDQNEvaluation.py 
[DEBUG] DDQNEvaluation evaluate: Payload Size = 1.0 Mb | Average Wait Time = 2757.4467331517803 seconds.
[DEBUG] DDQNEvaluation evaluate: Payload Size = 1.0 Mb | Average Communication Service Time = 1.7296577224793634 seconds.
[INFO] DDQNEvaluation evaluate: [2] UAV Relays | Payload Size = 1.0 Mb | UAV Power Consumption = 1.1076602731047 kW | Average Total Service Delay (Wait + Comm) = 2759.1763908742596 seconds.

[DEBUG] DDQNEvaluation evaluate: Payload Size = 10.0 Mb | Average Wait Time = 33508.41543476028 seconds.
[DEBUG] DDQNEvaluation evaluate: Payload Size = 10.0 Mb | Average Communication Service Time = 17.296577224793637 seconds.
[INFO] DDQNEvaluation evaluate: [2] UAV Relays | Payload Size = 10.0 Mb | UAV Power Consumption = 1.1076602731047 kW | Average Total Service Delay (Wait + Comm) = 33525.71201198507 seconds.

[DEBUG] DDQNEvaluation evaluate: Payload Size = 100.0 Mb | Average Wait Time = 357993.3259034159 seconds.
[DEBUG] DDQNEvaluation evaluate: Payload Size = 100.0 Mb | Average Communication Service Time = 172.96577224793634 seconds.
[INFO] DDQNEvaluation evaluate: [2] UAV Relays | Payload Size = 100.0 Mb | UAV Power Consumption = 1.1076602731047 kW | Average Total Service Delay (Wait + Comm) = 358166.2916756638 seconds.

Process finished with exit code 0


--

Rate Factor = Number of UAVs = 3

C:\Users\kesha\Workspaces\venv\Scripts\python.exe C:\Users\kesha\Workspaces\MAESTRO-X\src\evaluations\state-of-the-art\DDQNEvaluation.py 
[DEBUG] DDQNEvaluation evaluate: Payload Size = 1.0 Mb | Average Wait Time = 3926.200233996796 seconds.
[DEBUG] DDQNEvaluation evaluate: Payload Size = 1.0 Mb | Average Communication Service Time = 1.8474069170105747 seconds.
[INFO] DDQNEvaluation evaluate: [3] UAV Relays | Payload Size = 1.0 Mb | UAV Power Consumption = 1.1076602731047 kW | Average Total Service Delay (Wait + Comm) = 3928.047640913807 seconds.

[DEBUG] DDQNEvaluation evaluate: Payload Size = 10.0 Mb | Average Wait Time = 43847.773434351686 seconds.
[DEBUG] DDQNEvaluation evaluate: Payload Size = 10.0 Mb | Average Communication Service Time = 18.47406917010575 seconds.
[INFO] DDQNEvaluation evaluate: [3] UAV Relays | Payload Size = 10.0 Mb | UAV Power Consumption = 1.1076602731047 kW | Average Total Service Delay (Wait + Comm) = 43866.247503521794 seconds.

[DEBUG] DDQNEvaluation evaluate: Payload Size = 100.0 Mb | Average Wait Time = 455775.8468775608 seconds.
[DEBUG] DDQNEvaluation evaluate: Payload Size = 100.0 Mb | Average Communication Service Time = 184.7406917010575 seconds.
[INFO] DDQNEvaluation evaluate: [3] UAV Relays | Payload Size = 100.0 Mb | UAV Power Consumption = 1.1076602731047 kW | Average Total Service Delay (Wait + Comm) = 455960.5875692619 seconds.

Process finished with exit code 0